<?xml version="1.0" encoding="UTF-8"?>
<!-- Generated by org.testng.reporters.JUnitReportReporter -->
<testsuite skipped="0" hostname="LAPTOP-SF99IFHK" name="com.selenium.testcases.HomePageTest" tests="2" failures="0" timestamp="02 Jun 2020 06:05:56 GMT" time="8.818" errors="0">
  <testcase name="correctPasswordTest" time="4.547" classname="com.selenium.testcases.HomePageTest"/>
  <testcase name="forgotPasswordTest" time="4.271" classname="com.selenium.testcases.HomePageTest"/>
</testsuite> <!-- com.selenium.testcases.HomePageTest -->
