<?xml version="1.0" encoding="UTF-8"?>
<!-- Generated by org.testng.reporters.JUnitReportReporter -->
<testsuite skipped="0" hostname="LAPTOP-SF99IFHK" name="com.selenium.testcases.SomeTest" tests="1" failures="0" timestamp="18 May 2020 06:46:46 GMT" time="0.005" errors="0">
  <testcase name="someTestExecution" time="0.005" classname="com.selenium.testcases.SomeTest"/>
</testsuite> <!-- com.selenium.testcases.SomeTest -->
