<?xml version="1.0" encoding="UTF-8"?>
<!-- Generated by org.testng.reporters.JUnitReportReporter -->
<testsuite skipped="0" hostname="LAPTOP-SF99IFHK" name="com.selenium.testcases.LoginTest" tests="2" failures="0" timestamp="02 Jun 2020 06:05:56 GMT" time="7.223" errors="0">
  <testcase name="loginDetails" time="3.628" classname="com.selenium.testcases.LoginTest"/>
  <testcase name="loginDetails" time="3.595" classname="com.selenium.testcases.LoginTest"/>
</testsuite> <!-- com.selenium.testcases.LoginTest -->
