<?xml version="1.0" encoding="UTF-8"?>
<!-- Generated by org.testng.reporters.JUnitReportReporter -->
<testsuite skipped="0" hostname="LAPTOP-SF99IFHK" name="com.selenium.testcases.SelectByItems" tests="1" failures="0" timestamp="02 Jun 2020 06:05:56 GMT" time="0.070" errors="0">
  <testcase name="getItemNavigation" time="0.070" classname="com.selenium.testcases.SelectByItems"/>
</testsuite> <!-- com.selenium.testcases.SelectByItems -->
