<?xml version="1.0" encoding="UTF-8"?>
<!-- Generated by org.testng.reporters.JUnitReportReporter -->
<testsuite skipped="0" hostname="LAPTOP-SF99IFHK" name="com.selenium.testcases.validateTitle" tests="1" failures="0" timestamp="10 Jun 2020 01:20:36 GMT" time="14.203" errors="0">
  <testcase name="assertTitle" time="14.203" classname="com.selenium.testcases.validateTitle"/>
</testsuite> <!-- com.selenium.testcases.validateTitle -->
