<?xml version="1.0" encoding="UTF-8"?>
<!-- Generated by org.testng.reporters.JUnitReportReporter -->
<testsuite skipped="0" hostname="LAPTOP-SF99IFHK" name="com.testcases.SelectByItems" tests="1" failures="0" timestamp="11 Jun 2020 03:32:23 GMT" time="22.415" errors="0">
  <testcase name="getItemNavigation" time="22.415" classname="com.testcases.SelectByItems"/>
</testsuite> <!-- com.testcases.SelectByItems -->
