<?xml version="1.0" encoding="UTF-8"?>
<!-- Generated by org.testng.reporters.JUnitReportReporter -->
<testsuite skipped="0" hostname="LAPTOP-SF99IFHK" name="com.selenium.testcases.LoginTest" tests="2" failures="0" timestamp="10 Jun 2020 01:20:36 GMT" time="36.535" errors="0">
  <testcase name="loginDetails" time="15.576" classname="com.selenium.testcases.LoginTest"/>
  <testcase name="loginDetails" time="20.959" classname="com.selenium.testcases.LoginTest"/>
</testsuite> <!-- com.selenium.testcases.LoginTest -->
