<?xml version="1.0" encoding="UTF-8"?>
<!-- Generated by org.testng.reporters.JUnitReportReporter -->
<testsuite skipped="0" hostname="LAPTOP-SF99IFHK" name="com.selenium.testcases.HomePage" tests="1" failures="0" timestamp="14 May 2020 05:46:20 GMT" time="24.709" errors="0">
  <testcase name="LaunchURL" time="24.709" classname="com.selenium.testcases.HomePage"/>
</testsuite> <!-- com.selenium.testcases.HomePage -->
