<?xml version="1.0" encoding="UTF-8"?>
<!-- Generated by org.testng.reporters.JUnitReportReporter -->
<testsuite skipped="0" hostname="LAPTOP-SF99IFHK" name="com.testcases.HomePageTest" tests="2" failures="0" timestamp="11 Jun 2020 03:32:23 GMT" time="45.312" errors="0">
  <testcase name="correctPasswordTest" time="19.603" classname="com.testcases.HomePageTest"/>
  <testcase name="forgotPasswordTest" time="25.709" classname="com.testcases.HomePageTest"/>
</testsuite> <!-- com.testcases.HomePageTest -->
