<?xml version="1.0" encoding="UTF-8"?>
<!-- Generated by org.testng.reporters.JUnitReportReporter -->
<testsuite skipped="0" hostname="LAPTOP-SF99IFHK" name="com.testcases.validateTitle" tests="1" failures="0" timestamp="11 Jun 2020 03:32:23 GMT" time="18.684" errors="0">
  <testcase name="assertTitle" time="18.684" classname="com.testcases.validateTitle"/>
</testsuite> <!-- com.testcases.validateTitle -->
