<?xml version="1.0" encoding="UTF-8"?>
<!-- Generated by org.testng.reporters.JUnitReportReporter -->
<testsuite skipped="0" hostname="LAPTOP-SF99IFHK" name="com.testcases.LoginTest" tests="2" failures="0" timestamp="11 Jun 2020 03:32:23 GMT" time="44.091" errors="0">
  <testcase name="loginDetails" time="24.807" classname="com.testcases.LoginTest"/>
  <testcase name="loginDetails" time="19.284" classname="com.testcases.LoginTest"/>
</testsuite> <!-- com.testcases.LoginTest -->
