<?xml version="1.0" encoding="UTF-8"?>
<!-- Generated by org.testng.reporters.JUnitReportReporter -->
<testsuite skipped="0" hostname="LAPTOP-SF99IFHK" name="com.selenium.testcases.SelectByItems" tests="1" failures="0" timestamp="10 Jun 2020 01:20:36 GMT" time="15.888" errors="0">
  <testcase name="getItemNavigation" time="15.888" classname="com.selenium.testcases.SelectByItems"/>
</testsuite> <!-- com.selenium.testcases.SelectByItems -->
